<?xml version="1.0" encoding="UTF-8"?>
<!-- Generated by org.testng.reporters.JUnitReportReporter -->
<testsuite hostname="PSL-8SY92B3" failures="0" tests="1" name="testcases.LoginPageTC" time="0.345" errors="0" timestamp="2024-06-20T13:01:32 IST" skipped="0">
  <testcase classname="testcases.LoginPageTC" name="login_tescase" time="0.345"/>
</testsuite> <!-- testcases.LoginPageTC -->
